This is pdfTeX, Version 3.1415926-2.4-1.40.13 (MiKTeX 2.9) (preloaded format=pdflatex 2013.10.21)  17 APR 2014 19:08
entering extended mode
**exam2.tex
(E:\workingdirectory\phc6053\exam2\exam2.tex
LaTeX2e <2011/06/27>
Babel <v3.8m> and hyphenation patterns for english, afrikaans, ancientgreek, ar
abic, armenian, assamese, basque, bengali, bokmal, bulgarian, catalan, coptic, 
croatian, czech, danish, dutch, esperanto, estonian, farsi, finnish, french, ga
lician, german, german-x-2012-05-30, greek, gujarati, hindi, hungarian, iceland
ic, indonesian, interlingua, irish, italian, kannada, kurmanji, latin, latvian,
 lithuanian, malayalam, marathi, mongolian, mongolianlmc, monogreek, ngerman, n
german-x-2012-05-30, nynorsk, oriya, panjabi, pinyin, polish, portuguese, roman
ian, russian, sanskrit, serbian, slovak, slovenian, spanish, swedish, swissgerm
an, tamil, telugu, turkish, turkmen, ukenglish, ukrainian, uppersorbian, usengl
ishmax, welsh, loaded.
(C:\Users\BrewJR\Documents\R\MiKTeX\tex\latex\base\article.cls
Document Class: article 2007/10/19 v1.4h Standard LaTeX document class
(C:\Users\BrewJR\Documents\R\MiKTeX\tex\latex\base\size10.clo
File: size10.clo 2007/10/19 v1.4h Standard LaTeX file (size option)
)
\c@part=\count79
\c@section=\count80
\c@subsection=\count81
\c@subsubsection=\count82
\c@paragraph=\count83
\c@subparagraph=\count84
\c@figure=\count85
\c@table=\count86
\abovecaptionskip=\skip41
\belowcaptionskip=\skip42
\bibindent=\dimen102
)
(C:\Users\BrewJR\Documents\R\MiKTeX\tex\latex\mh\mathtools.sty
Package: mathtools 2013/02/12 v1.13 mathematical typesetting tools

(C:\Users\BrewJR\Documents\R\MiKTeX\tex\latex\graphics\keyval.sty
Package: keyval 1999/03/16 v1.13 key=value parser (DPC)
\KV@toks@=\toks14
)
(C:\Users\BrewJR\Documents\R\MiKTeX\tex\latex\tools\calc.sty
Package: calc 2007/08/22 v4.3 Infix arithmetic (KKT,FJ)
\calc@Acount=\count87
\calc@Bcount=\count88
\calc@Adimen=\dimen103
\calc@Bdimen=\dimen104
\calc@Askip=\skip43
\calc@Bskip=\skip44
LaTeX Info: Redefining \setlength on input line 76.
LaTeX Info: Redefining \addtolength on input line 77.
\calc@Ccount=\count89
\calc@Cskip=\skip45
)
(C:\Users\BrewJR\Documents\R\MiKTeX\tex\latex\mh\mhsetup.sty
Package: mhsetup 2010/01/21 v1.2a programming setup (MH)
)
(C:\Users\BrewJR\Documents\R\MiKTeX\tex\latex\amsmath\amsmath.sty
Package: amsmath 2013/01/14 v2.14 AMS math features
\@mathmargin=\skip46

For additional information on amsmath, use the `?' option.
(C:\Users\BrewJR\Documents\R\MiKTeX\tex\latex\amsmath\amstext.sty
Package: amstext 2000/06/29 v2.01

(C:\Users\BrewJR\Documents\R\MiKTeX\tex\latex\amsmath\amsgen.sty
File: amsgen.sty 1999/11/30 v2.0
\@emptytoks=\toks15
\ex@=\dimen105
))
(C:\Users\BrewJR\Documents\R\MiKTeX\tex\latex\amsmath\amsbsy.sty
Package: amsbsy 1999/11/29 v1.2d
\pmbraise@=\dimen106
)
(C:\Users\BrewJR\Documents\R\MiKTeX\tex\latex\amsmath\amsopn.sty
Package: amsopn 1999/12/14 v2.01 operator names
)
\inf@bad=\count90
LaTeX Info: Redefining \frac on input line 210.
\uproot@=\count91
\leftroot@=\count92
LaTeX Info: Redefining \overline on input line 306.
\classnum@=\count93
\DOTSCASE@=\count94
LaTeX Info: Redefining \ldots on input line 378.
LaTeX Info: Redefining \dots on input line 381.
LaTeX Info: Redefining \cdots on input line 466.
\Mathstrutbox@=\box26
\strutbox@=\box27
\big@size=\dimen107
LaTeX Font Info:    Redeclaring font encoding OML on input line 566.
LaTeX Font Info:    Redeclaring font encoding OMS on input line 567.
\macc@depth=\count95
\c@MaxMatrixCols=\count96
\dotsspace@=\muskip10
\c@parentequation=\count97
\dspbrk@lvl=\count98
\tag@help=\toks16
\row@=\count99
\column@=\count100
\maxfields@=\count101
\andhelp@=\toks17
\eqnshift@=\dimen108
\alignsep@=\dimen109
\tagshift@=\dimen110
\tagwidth@=\dimen111
\totwidth@=\dimen112
\lineht@=\dimen113
\@envbody=\toks18
\multlinegap=\skip47
\multlinetaggap=\skip48
\mathdisplay@stack=\toks19
LaTeX Info: Redefining \[ on input line 2665.
LaTeX Info: Redefining \] on input line 2666.
)
LaTeX Info: Thecontrolsequence`\['isalreadyrobust on input line 129.
LaTeX Info: Thecontrolsequence`\]'isalreadyrobust on input line 129.
\g_MT_multlinerow_int=\count102
\l_MT_multwidth_dim=\dimen114
\origjot=\skip49
\l_MT_shortvdotswithinadjustabove_dim=\dimen115
\l_MT_shortvdotswithinadjustbelow_dim=\dimen116
\l_MT_above_intertext_sep=\dimen117
\l_MT_below_intertext_sep=\dimen118
\l_MT_above_shortintertext_sep=\dimen119
\l_MT_below_shortintertext_sep=\dimen120
)
(C:\Users\BrewJR\Documents\R\MiKTeX\tex\latex\fancyhdr\fancyhdr.sty
\fancy@headwidth=\skip50
\f@ncyO@elh=\skip51
\f@ncyO@erh=\skip52
\f@ncyO@olh=\skip53
\f@ncyO@orh=\skip54
\f@ncyO@elf=\skip55
\f@ncyO@erf=\skip56
\f@ncyO@olf=\skip57
\f@ncyO@orf=\skip58
)
(C:/PROGRA~1/R/R-30~1.2/share/texmf/tex/latex\Sweave.sty
Package: Sweave 

(C:\Users\BrewJR\Documents\R\MiKTeX\tex\latex\base\ifthen.sty
Package: ifthen 2001/05/26 v1.1c Standard LaTeX ifthen package (DPC)
)
(C:\Users\BrewJR\Documents\R\MiKTeX\tex\latex\graphics\graphicx.sty
Package: graphicx 1999/02/16 v1.0f Enhanced LaTeX Graphics (DPC,SPQR)

(C:\Users\BrewJR\Documents\R\MiKTeX\tex\latex\graphics\graphics.sty
Package: graphics 2009/02/05 v1.0o Standard LaTeX Graphics (DPC,SPQR)

(C:\Users\BrewJR\Documents\R\MiKTeX\tex\latex\graphics\trig.sty
Package: trig 1999/03/16 v1.09 sin cos tan (DPC)
)
(C:\Users\BrewJR\Documents\R\MiKTeX\tex\latex\00miktex\graphics.cfg
File: graphics.cfg 2007/01/18 v1.5 graphics configuration of teTeX/TeXLive
)
Package graphics Info: Driver file: pdftex.def on input line 91.

(C:\Users\BrewJR\Documents\R\MiKTeX\tex\latex\pdftex-def\pdftex.def
File: pdftex.def 2011/05/27 v0.06d Graphics/color for pdfTeX

(C:\Users\BrewJR\Documents\R\MiKTeX\tex\generic\oberdiek\infwarerr.sty
Package: infwarerr 2010/04/08 v1.3 Providing info/warning/error messages (HO)
)
(C:\Users\BrewJR\Documents\R\MiKTeX\tex\generic\oberdiek\ltxcmds.sty
Package: ltxcmds 2011/11/09 v1.22 LaTeX kernel commands for general use (HO)
)
\Gread@gobject=\count103
))
\Gin@req@height=\dimen121
\Gin@req@width=\dimen122
)
(C:\Users\BrewJR\Documents\R\MiKTeX\tex\latex\fancyvrb\fancyvrb.sty
Package: fancyvrb 2008/02/07

Style option: `fancyvrb' v2.7a, with DG/SPQR fixes, and firstline=lastline fix 
<2008/02/07> (tvz)
\FV@CodeLineNo=\count104
\FV@InFile=\read1
\FV@TabBox=\box28
\c@FancyVerbLine=\count105
\FV@StepNumber=\count106
\FV@OutFile=\write3
)
(C:\Users\BrewJR\Documents\R\MiKTeX\tex\latex\base\textcomp.sty
Package: textcomp 2005/09/27 v1.99g Standard LaTeX package
Package textcomp Info: Sub-encoding information:
(textcomp)               5 = only ISO-Adobe without \textcurrency
(textcomp)               4 = 5 + \texteuro
(textcomp)               3 = 4 + \textohm
(textcomp)               2 = 3 + \textestimated + \textcurrency
(textcomp)               1 = TS1 - \textcircled - \t
(textcomp)               0 = TS1 (full)
(textcomp)             Font families with sub-encoding setting implement
(textcomp)             only a restricted character set as indicated.
(textcomp)             Family '?' is the default used for unknown fonts.
(textcomp)             See the documentation for details.
Package textcomp Info: Setting ? sub-encoding to TS1/1 on input line 71.

(C:\Users\BrewJR\Documents\R\MiKTeX\tex\latex\base\ts1enc.def
File: ts1enc.def 2001/06/05 v3.0e (jk/car/fm) Standard LaTeX file
)
LaTeX Info: Redefining \oldstylenums on input line 266.
Package textcomp Info: Setting cmr sub-encoding to TS1/0 on input line 281.
Package textcomp Info: Setting cmss sub-encoding to TS1/0 on input line 282.
Package textcomp Info: Setting cmtt sub-encoding to TS1/0 on input line 283.
Package textcomp Info: Setting cmvtt sub-encoding to TS1/0 on input line 284.
Package textcomp Info: Setting cmbr sub-encoding to TS1/0 on input line 285.
Package textcomp Info: Setting cmtl sub-encoding to TS1/0 on input line 286.
Package textcomp Info: Setting ccr sub-encoding to TS1/0 on input line 287.
Package textcomp Info: Setting ptm sub-encoding to TS1/4 on input line 288.
Package textcomp Info: Setting pcr sub-encoding to TS1/4 on input line 289.
Package textcomp Info: Setting phv sub-encoding to TS1/4 on input line 290.
Package textcomp Info: Setting ppl sub-encoding to TS1/3 on input line 291.
Package textcomp Info: Setting pag sub-encoding to TS1/4 on input line 292.
Package textcomp Info: Setting pbk sub-encoding to TS1/4 on input line 293.
Package textcomp Info: Setting pnc sub-encoding to TS1/4 on input line 294.
Package textcomp Info: Setting pzc sub-encoding to TS1/4 on input line 295.
Package textcomp Info: Setting bch sub-encoding to TS1/4 on input line 296.
Package textcomp Info: Setting put sub-encoding to TS1/5 on input line 297.
Package textcomp Info: Setting uag sub-encoding to TS1/5 on input line 298.
Package textcomp Info: Setting ugq sub-encoding to TS1/5 on input line 299.
Package textcomp Info: Setting ul8 sub-encoding to TS1/4 on input line 300.
Package textcomp Info: Setting ul9 sub-encoding to TS1/4 on input line 301.
Package textcomp Info: Setting augie sub-encoding to TS1/5 on input line 302.
Package textcomp Info: Setting dayrom sub-encoding to TS1/3 on input line 303.
Package textcomp Info: Setting dayroms sub-encoding to TS1/3 on input line 304.

Package textcomp Info: Setting pxr sub-encoding to TS1/0 on input line 305.
Package textcomp Info: Setting pxss sub-encoding to TS1/0 on input line 306.
Package textcomp Info: Setting pxtt sub-encoding to TS1/0 on input line 307.
Package textcomp Info: Setting txr sub-encoding to TS1/0 on input line 308.
Package textcomp Info: Setting txss sub-encoding to TS1/0 on input line 309.
Package textcomp Info: Setting txtt sub-encoding to TS1/0 on input line 310.
Package textcomp Info: Setting lmr sub-encoding to TS1/0 on input line 311.
Package textcomp Info: Setting lmdh sub-encoding to TS1/0 on input line 312.
Package textcomp Info: Setting lmss sub-encoding to TS1/0 on input line 313.
Package textcomp Info: Setting lmssq sub-encoding to TS1/0 on input line 314.
Package textcomp Info: Setting lmvtt sub-encoding to TS1/0 on input line 315.
Package textcomp Info: Setting qhv sub-encoding to TS1/0 on input line 316.
Package textcomp Info: Setting qag sub-encoding to TS1/0 on input line 317.
Package textcomp Info: Setting qbk sub-encoding to TS1/0 on input line 318.
Package textcomp Info: Setting qcr sub-encoding to TS1/0 on input line 319.
Package textcomp Info: Setting qcs sub-encoding to TS1/0 on input line 320.
Package textcomp Info: Setting qpl sub-encoding to TS1/0 on input line 321.
Package textcomp Info: Setting qtm sub-encoding to TS1/0 on input line 322.
Package textcomp Info: Setting qzc sub-encoding to TS1/0 on input line 323.
Package textcomp Info: Setting qhvc sub-encoding to TS1/0 on input line 324.
Package textcomp Info: Setting futs sub-encoding to TS1/4 on input line 325.
Package textcomp Info: Setting futx sub-encoding to TS1/4 on input line 326.
Package textcomp Info: Setting futj sub-encoding to TS1/4 on input line 327.
Package textcomp Info: Setting hlh sub-encoding to TS1/3 on input line 328.
Package textcomp Info: Setting hls sub-encoding to TS1/3 on input line 329.
Package textcomp Info: Setting hlst sub-encoding to TS1/3 on input line 330.
Package textcomp Info: Setting hlct sub-encoding to TS1/5 on input line 331.
Package textcomp Info: Setting hlx sub-encoding to TS1/5 on input line 332.
Package textcomp Info: Setting hlce sub-encoding to TS1/5 on input line 333.
Package textcomp Info: Setting hlcn sub-encoding to TS1/5 on input line 334.
Package textcomp Info: Setting hlcw sub-encoding to TS1/5 on input line 335.
Package textcomp Info: Setting hlcf sub-encoding to TS1/5 on input line 336.
Package textcomp Info: Setting pplx sub-encoding to TS1/3 on input line 337.
Package textcomp Info: Setting pplj sub-encoding to TS1/3 on input line 338.
Package textcomp Info: Setting ptmx sub-encoding to TS1/4 on input line 339.
Package textcomp Info: Setting ptmj sub-encoding to TS1/4 on input line 340.
)
(C:\Users\BrewJR\Documents\R\MiKTeX\tex\latex\base\fontenc.sty
Package: fontenc 2005/09/27 v1.99g Standard LaTeX package

(C:\Users\BrewJR\Documents\R\MiKTeX\tex\latex\base\t1enc.def
File: t1enc.def 2005/09/27 v1.99g Standard LaTeX file
LaTeX Font Info:    Redeclaring font encoding T1 on input line 43.
))
(C:\Users\BrewJR\Documents\R\MiKTeX\tex\latex\ae\ae.sty
Package: ae 2001/02/12 1.3 Almost European Computer Modern

(C:\Users\BrewJR\Documents\R\MiKTeX\tex\latex\base\fontenc.sty
Package: fontenc 2005/09/27 v1.99g Standard LaTeX package

(C:\Users\BrewJR\Documents\R\MiKTeX\tex\latex\base\t1enc.def
File: t1enc.def 2005/09/27 v1.99g Standard LaTeX file
LaTeX Font Info:    Redeclaring font encoding T1 on input line 43.
)
LaTeX Font Info:    Try loading font information for T1+aer on input line 100.

(C:\Users\BrewJR\Documents\R\MiKTeX\tex\latex\ae\t1aer.fd
File: t1aer.fd 1997/11/16 Font definitions for T1/aer.
))))
(E:\workingdirectory\phc6053\exam2\exam2.aux)
LaTeX Font Info:    Checking defaults for OML/cmm/m/it on input line 14.
LaTeX Font Info:    ... okay on input line 14.
LaTeX Font Info:    Checking defaults for T1/cmr/m/n on input line 14.
LaTeX Font Info:    ... okay on input line 14.
LaTeX Font Info:    Checking defaults for OT1/cmr/m/n on input line 14.
LaTeX Font Info:    ... okay on input line 14.
LaTeX Font Info:    Checking defaults for OMS/cmsy/m/n on input line 14.
LaTeX Font Info:    ... okay on input line 14.
LaTeX Font Info:    Checking defaults for OMX/cmex/m/n on input line 14.
LaTeX Font Info:    ... okay on input line 14.
LaTeX Font Info:    Checking defaults for U/cmr/m/n on input line 14.
LaTeX Font Info:    ... okay on input line 14.
LaTeX Font Info:    Checking defaults for TS1/cmr/m/n on input line 14.
LaTeX Font Info:    Try loading font information for TS1+cmr on input line 14.

(C:\Users\BrewJR\Documents\R\MiKTeX\tex\latex\base\ts1cmr.fd
File: ts1cmr.fd 1999/05/25 v2.5h Standard LaTeX font definitions
)
LaTeX Font Info:    ... okay on input line 14.

(C:\Users\BrewJR\Documents\R\MiKTeX\tex\context\base\supp-pdf.mkii
[Loading MPS to PDF converter (version 2006.09.02).]
\scratchcounter=\count107
\scratchdimen=\dimen123
\scratchbox=\box29
\nofMPsegments=\count108
\nofMParguments=\count109
\everyMPshowfont=\toks20
\MPscratchCnt=\count110
\MPscratchDim=\dimen124
\MPnumerator=\count111
\makeMPintoPDFobject=\count112
\everyMPtoPDFconversion=\toks21
) (E:\workingdirectory\phc6053\exam2\exam2-concordance.tex)
(E:\workingdirectory\phc6053\exam2\exam2.toc)
\tf@toc=\write4
 [1{C:/Users/BrewJR/AppData/Local/MiKTeX/2.9/pdftex/config/pdftex.map}

]
Underfull \hbox (badness 10000) in paragraph at lines 36--37

 []


Overfull \hbox (28.4599pt too wide) in paragraph at lines 41--42
[][] 
 []


Underfull \hbox (badness 10000) in paragraph at lines 41--42

 []

LaTeX Font Info:    Try loading font information for T1+aett on input line 45.
(C:\Users\BrewJR\Documents\R\MiKTeX\tex\latex\ae\t1aett.fd
File: t1aett.fd 1997/11/16 Font definitions for T1/aett.
) [2]

! LaTeX Error: There's no line here to end.

See the LaTeX manual or LaTeX Companion for explanation.
Type  H <return>  for immediate help.
 ...                                              
                                                  
l.64 \addcontentsline
                     {toc}{subsection}{Problem 2}
Your command was ignored.
Type  I <command> <return>  to replace it with another command,
or  <return>  to continue without it.


Underfull \hbox (badness 10000) in paragraph at lines 67--73

 []

! Missing $ inserted.
<inserted text> 
                $
l.75 $\hat{Y} = \beta_0+\beta_1 (30^2)$ - \beta
                                               _0+\beta_1 (20^2)$ \\
I've inserted a begin-math/end-math symbol since I think
you left one out. Proceed, with fingers crossed.

! Missing $ inserted.
<inserted text> 
                $
l.76 ...-44.974 +0.167(30^2)$ - -44.974 +0.167(20^
                                                  2)$ \\
I've inserted a begin-math/end-math symbol since I think
you left one out. Proceed, with fingers crossed.

! Missing $ inserted.
<inserted text> 
                $
l.77 $\hat{Y}= +0.167(30^2)$ +0.167(20^
                                       2)$ \\
I've inserted a begin-math/end-math symbol since I think
you left one out. Proceed, with fingers crossed.


Underfull \hbox (badness 10000) in paragraph at lines 74--78

 []


Underfull \hbox (badness 10000) in paragraph at lines 79--80

 []


Overfull \hbox (28.4599pt too wide) in paragraph at lines 84--85
[][] 
 []


Underfull \hbox (badness 10000) in paragraph at lines 84--85

 []

! Missing $ inserted.
<inserted text> 
                $
l.88 $\hat{Y} = \beta_0+\beta_1 (40^2)$ - \beta
                                               _0+\beta_1 (30^2)$ \\
I've inserted a begin-math/end-math symbol since I think
you left one out. Proceed, with fingers crossed.

! Missing $ inserted.
<inserted text> 
                $
l.89 ...-44.974 +0.167(40^2)$ - -44.974 +0.167(30^
                                                  2)$ \\
I've inserted a begin-math/end-math symbol since I think
you left one out. Proceed, with fingers crossed.

! Missing $ inserted.
<inserted text> 
                $
l.90 $\hat{Y}= +0.167(40^2)$ +0.167(30^
                                       2)$ \\
I've inserted a begin-math/end-math symbol since I think
you left one out. Proceed, with fingers crossed.


Underfull \hbox (badness 10000) in paragraph at lines 87--91

 []


Underfull \hbox (badness 10000) in paragraph at lines 92--93

 []


Overfull \hbox (28.4599pt too wide) in paragraph at lines 97--98
[][] 
 []


Underfull \hbox (badness 10000) in paragraph at lines 97--98

 []

! Missing $ inserted.
<inserted text> 
                $
l.101 $\hat{Y} = \beta_0+\beta_1 (50^2)$ - \beta
                                                _0+\beta_1 (40^2)$ \\
I've inserted a begin-math/end-math symbol since I think
you left one out. Proceed, with fingers crossed.

! Missing $ inserted.
<inserted text> 
                $
l.102 ...44.974 +0.167(50^2)$ - -44.974 +0.167(40^
                                                  2)$ \\
I've inserted a begin-math/end-math symbol since I think
you left one out. Proceed, with fingers crossed.

! Missing $ inserted.
<inserted text> 
                $
l.103 $\hat{Y}= +0.167(50^2)$ +0.167(40^
                                        2)$ \\
I've inserted a begin-math/end-math symbol since I think
you left one out. Proceed, with fingers crossed.


Underfull \hbox (badness 10000) in paragraph at lines 100--104

 []


Underfull \hbox (badness 10000) in paragraph at lines 105--106

 []


Overfull \hbox (28.4599pt too wide) in paragraph at lines 110--111
[][] 
 []


Underfull \hbox (badness 10000) in paragraph at lines 110--111

 []

[3] [4]

! LaTeX Error: There's no line here to end.

See the LaTeX manual or LaTeX Companion for explanation.
Type  H <return>  for immediate help.
 ...                                              
                                                  
l.141 \addcontentsline
                      {toc}{subsection}{Problem 3}
Your command was ignored.
Type  I <command> <return>  to replace it with another command,
or  <return>  to continue without it.


Underfull \hbox (badness 10000) in paragraph at lines 144--150

 []

! Missing $ inserted.
<inserted text> 
                $
l.152 $\hat{Y} = \beta_0+\beta_1 (M)$ - \beta
                                             _0+\beta_1 (S)$ \\
I've inserted a begin-math/end-math symbol since I think
you left one out. Proceed, with fingers crossed.

! Missing $ inserted.
<inserted text> 
                $
l.153 $\hat{Y} = \beta_0+ 1(87.19)$ - \beta
                                           _0+ 1(0)$ \\
I've inserted a begin-math/end-math symbol since I think
you left one out. Proceed, with fingers crossed.

! Missing $ inserted.
<inserted text> 
                $
l.155 
      
I've inserted a begin-math/end-math symbol since I think
you left one out. Proceed, with fingers crossed.


Underfull \hbox (badness 10000) in paragraph at lines 151--155

 []

! Missing $ inserted.
<inserted text> 
                $
l.157 
      
I've inserted a begin-math/end-math symbol since I think
you left one out. Proceed, with fingers crossed.


Underfull \hbox (badness 10000) in paragraph at lines 156--157

 []


Overfull \hbox (28.4599pt too wide) in paragraph at lines 161--162
[][] 
 []


Underfull \hbox (badness 10000) in paragraph at lines 161--162

 []

! Missing $ inserted.
<inserted text> 
                $
l.166 $\hat{Y} = \beta_0+\beta_1 (L)$ - \beta
                                             _0+\beta_1 (M)$ \\
I've inserted a begin-math/end-math symbol since I think
you left one out. Proceed, with fingers crossed.

! Missing $ inserted.
<inserted text> 
                $
l.167 $\hat{Y} = \beta_0+ 1(260.59)$ - \beta
                                            _0+ 1(87.19))$ \\
I've inserted a begin-math/end-math symbol since I think
you left one out. Proceed, with fingers crossed.

! Missing $ inserted.
<inserted text> 
                $
l.169 
      
I've inserted a begin-math/end-math symbol since I think
you left one out. Proceed, with fingers crossed.


Underfull \hbox (badness 10000) in paragraph at lines 165--169

 []

! Missing $ inserted.
<inserted text> 
                $
l.171 
      
I've inserted a begin-math/end-math symbol since I think
you left one out. Proceed, with fingers crossed.


Underfull \hbox (badness 10000) in paragraph at lines 170--171

 []


Overfull \hbox (28.4599pt too wide) in paragraph at lines 175--176
[][] 
 []


Underfull \hbox (badness 10000) in paragraph at lines 175--176

 []

[5]

! LaTeX Error: There's no line here to end.

See the LaTeX manual or LaTeX Companion for explanation.
Type  H <return>  for immediate help.
 ...                                              
                                                  
l.202 \addcontentsline
                      {toc}{subsection}{Problem 4}
Your command was ignored.
Type  I <command> <return>  to replace it with another command,
or  <return>  to continue without it.


Underfull \hbox (badness 10000) in paragraph at lines 206--207

 []


Underfull \hbox (badness 10000) in paragraph at lines 208--209

 []


Underfull \hbox (badness 10000) in paragraph at lines 224--225

 []

[6]

! LaTeX Error: There's no line here to end.

See the LaTeX manual or LaTeX Companion for explanation.
Type  H <return>  for immediate help.
 ...                                              
                                                  
l.234 \addcontentsline
                      {toc}{subsection}{Problem 5}
Your command was ignored.
Type  I <command> <return>  to replace it with another command,
or  <return>  to continue without it.


Overfull \hbox (114.31535pt too wide) in paragraph at lines 243--255
 [][] 
 []

[7] <exam2-009.pdf, id=35, 433.62pt x 361.35pt>
File: exam2-009.pdf Graphic file (type pdf)
 <use exam2-009.pdf>
Package pdftex.def Info: exam2-009.pdf used on input line 295.
(pdftex.def)             Requested size: 276.00105pt x 230.01158pt.
 [8 <E:/workingdirectory/phc6053/exam2/exam2-009.pdf>]
! Missing $ inserted.
<inserted text> 
                $
l.333 ... $\hat{Y}=\beta_0 + \beta_1 X_1$  + \beta
                                                  _2 X_2$  + \beta_3 X_3$ \\
I've inserted a begin-math/end-math symbol since I think
you left one out. Proceed, with fingers crossed.

! Missing $ inserted.
<inserted text> 
                $
l.333 ...0 + \beta_1 X_1$  + \beta_2 X_2$  + \beta
                                                  _3 X_3$ \\
I've inserted a begin-math/end-math symbol since I think
you left one out. Proceed, with fingers crossed.


Underfull \hbox (badness 10000) in paragraph at lines 333--343

 []


Underfull \hbox (badness 10000) in paragraph at lines 344--345

 []


Underfull \hbox (badness 10000) in paragraph at lines 346--350

 []


Overfull \hbox (28.4599pt too wide) in paragraph at lines 354--355
[][] 
 []


Underfull \hbox (badness 10000) in paragraph at lines 354--355

 []


Underfull \hbox (badness 10000) in paragraph at lines 358--361

 []


Underfull \hbox (badness 10000) in paragraph at lines 362--365

 []


Overfull \hbox (28.4599pt too wide) in paragraph at lines 369--370
[][] 
 []


Underfull \hbox (badness 10000) in paragraph at lines 369--370

 []


! Package amsmath Error: \hat allowed only in math mode.

See the amsmath package documentation for explanation.
Type  H <return>  for immediate help.
 ...                                              
                                                  
l.374 $\hat{Y}
              (age=24, gender=female) = \beta_0+ 24(5.64) + 1(13.77) + 1(24*...

You're in trouble here.  Try typing  <return>  to proceed.
If that doesn't work, type  X <return>  to quit.

! Missing $ inserted.
<inserted text> 
                $
l.374 $\hat{Y}(age=24, gender=female) = \beta
                                             _0+ 24(5.64) + 1(13.77) + 1(24*...
I've inserted a begin-math/end-math symbol since I think
you left one out. Proceed, with fingers crossed.

! Missing $ inserted.
<inserted text> 
                $
l.375 
      
I've inserted a begin-math/end-math symbol since I think
you left one out. Proceed, with fingers crossed.


Underfull \hbox (badness 10000) in paragraph at lines 372--375

 []


! Package amsmath Error: \hat allowed only in math mode.

See the amsmath package documentation for explanation.
Type  H <return>  for immediate help.
 ...                                              
                                                  
l.377 $\hat{Y}
              (age=24, gender=female) = 2.56 + 135.36 + 13.77 - 66 = 85.69 \\
You're in trouble here.  Try typing  <return>  to proceed.
If that doesn't work, type  X <return>  to quit.


Underfull \hbox (badness 10000) in paragraph at lines 376--379

 []


Overfull \hbox (28.4599pt too wide) in paragraph at lines 383--384
[][] 
 []


Underfull \hbox (badness 10000) in paragraph at lines 383--384

 []

[9]

! Package amsmath Error: \hat allowed only in math mode.

See the amsmath package documentation for explanation.
Type  H <return>  for immediate help.
 ...                                              
                                                  
l.389 $\hat{Y}
              (age=60, gender=female) = 2.56 + 60(5.64) + 1(13.77) + 1(60*-2...

You're in trouble here.  Try typing  <return>  to proceed.
If that doesn't work, type  X <return>  to quit.


Underfull \hbox (badness 10000) in paragraph at lines 387--390

 []


! Package amsmath Error: \hat allowed only in math mode.

See the amsmath package documentation for explanation.
Type  H <return>  for immediate help.
 ...                                              
                                                  
l.392 $\hat{Y}
              (age=60, gender=female) =  2.56 + 338.4 + 13.77 -165 = 189.73\\
You're in trouble here.  Try typing  <return>  to proceed.
If that doesn't work, type  X <return>  to quit.


Underfull \hbox (badness 10000) in paragraph at lines 391--394

 []


Overfull \hbox (28.4599pt too wide) in paragraph at lines 398--399
[][] 
 []


Underfull \hbox (badness 10000) in paragraph at lines 398--399

 []

<exam2-012.pdf, id=54, 433.62pt x 433.62pt>
File: exam2-012.pdf Graphic file (type pdf)
 <use exam2-012.pdf>
Package pdftex.def Info: exam2-012.pdf used on input line 436.
(pdftex.def)             Requested size: 276.00105pt x 276.0139pt.
 [10] [11 <E:/workingdirectory/phc6053/exam2/exam2-012.pdf>]
! Missing $ inserted.
<inserted text> 
                $
l.462 $\hat{Y}=\beta_0 + \beta_1 X_1$  + \beta
                                              _2 X_2$  + \beta_3 X_3$ \\
I've inserted a begin-math/end-math symbol since I think
you left one out. Proceed, with fingers crossed.

! Missing $ inserted.
<inserted text> 
                $
l.462 ...0 + \beta_1 X_1$  + \beta_2 X_2$  + \beta
                                                  _3 X_3$ \\
I've inserted a begin-math/end-math symbol since I think
you left one out. Proceed, with fingers crossed.


Underfull \hbox (badness 10000) in paragraph at lines 462--474

 []

! Missing $ inserted.
<inserted text> 
                $
l.476 
      
I've inserted a begin-math/end-math symbol since I think
you left one out. Proceed, with fingers crossed.


Overfull \hbox (33.17668pt too wide) in paragraph at lines 475--476
[]$[]\OT1/cmr/m/n/10 (\OML/cmm/m/it/10 chest\OMS/cmsy/m/n/10 j\OML/cmm/m/it/10 
age\OMS/cmsy/m/n/10 j\OML/cmm/m/it/10 gender\OT1/cmr/m/n/10 ) = \OMS/cmsy/m/n/1
0  \OT1/cmr/m/n/10 42\OML/cmm/m/it/10 :\OT1/cmr/m/n/10 587 + \OML/cmm/m/it/10 c
hest \OMS/cmsy/m/n/10  \OML/cmm/m/it/10 chest\OT1/cmr/m/n/10 (0\OML/cmm/m/it/1
0 :\OT1/cmr/m/n/10 127) + \OML/cmm/m/it/10 age\OT1/cmr/m/n/10 (1\OML/cmm/m/it/1
0 :\OT1/cmr/m/n/10 644) + \OML/cmm/m/it/10 gender\OT1/cmr/m/n/10 (14\OML/cmm/m/
it/10 :\OT1/cmr/m/n/10 267) +$
 []


Underfull \hbox (badness 10000) in paragraph at lines 475--476

 []


Underfull \hbox (badness 10000) in paragraph at lines 477--478

 []


Underfull \hbox (badness 10000) in paragraph at lines 479--481

 []

[12]

! LaTeX Error: There's no line here to end.

See the LaTeX manual or LaTeX Companion for explanation.
Type  H <return>  for immediate help.
 ...                                              
                                                  
l.497 \addcontentsline
                      {toc}{subsection}{Problem 8}
Your command was ignored.
Type  I <command> <return>  to replace it with another command,
or  <return>  to continue without it.

! Undefined control sequence.
l.500 \testbf
             {a. Increase in chest girth from 20 inches to 30 inches} \\
The control sequence at the end of the top line
of your error message was never \def'ed. If you have
misspelled it (e.g., `\hobx'), type `I' and the correct
spelling (e.g., `I\hbox'). Otherwise just continue,
and I'll forget about whatever was undefined.


Underfull \hbox (badness 10000) in paragraph at lines 500--501

 []


Underfull \hbox (badness 10000) in paragraph at lines 502--503

 []


Underfull \hbox (badness 10000) in paragraph at lines 504--507

 []


Underfull \hbox (badness 10000) in paragraph at lines 508--511

 []


Underfull \hbox (badness 10000) in paragraph at lines 512--513

 []


Overfull \hbox (28.4599pt too wide) in paragraph at lines 518--519
[][] 
 []

! Undefined control sequence.
l.538 \testbf
             {b. Increase in chest girth from 40 inches to 50 inches} \\
The control sequence at the end of the top line
of your error message was never \def'ed. If you have
misspelled it (e.g., `\hobx'), type `I' and the correct
spelling (e.g., `I\hbox'). Otherwise just continue,
and I'll forget about whatever was undefined.


Underfull \hbox (badness 10000) in paragraph at lines 541--544

 []


Underfull \hbox (badness 10000) in paragraph at lines 545--548

 []


Underfull \hbox (badness 10000) in paragraph at lines 549--550

 []

[13]
Overfull \hbox (28.4599pt too wide) in paragraph at lines 555--556
[][] 
 []


Underfull \hbox (badness 10000) in paragraph at lines 568--571

 []


Underfull \hbox (badness 10000) in paragraph at lines 572--574

 []


Underfull \hbox (badness 10000) in paragraph at lines 575--576

 []


Overfull \hbox (28.4599pt too wide) in paragraph at lines 581--582
[][] 
 []


Underfull \hbox (badness 10000) in paragraph at lines 594--597

 []


Underfull \hbox (badness 10000) in paragraph at lines 598--600

 []


Underfull \hbox (badness 10000) in paragraph at lines 601--602

 []


Overfull \hbox (28.4599pt too wide) in paragraph at lines 607--608
[][] 
 []


Underfull \hbox (badness 10000) in paragraph at lines 620--621

 []

[14]
Underfull \hbox (badness 10000) in paragraph at lines 622--624

 []


Underfull \hbox (badness 10000) in paragraph at lines 625--627

 []


Underfull \hbox (badness 10000) in paragraph at lines 628--629

 []


Overfull \hbox (28.4599pt too wide) in paragraph at lines 633--634
[][] 
 []


Underfull \hbox (badness 10000) in paragraph at lines 645--646

 []


Underfull \hbox (badness 10000) in paragraph at lines 647--649

 []


Underfull \hbox (badness 10000) in paragraph at lines 650--652

 []


Underfull \hbox (badness 10000) in paragraph at lines 653--654

 []


Overfull \hbox (28.4599pt too wide) in paragraph at lines 659--660
[][] 
 []

[15]

! LaTeX Error: There's no line here to end.

See the LaTeX manual or LaTeX Companion for explanation.
Type  H <return>  for immediate help.
 ...                                              
                                                  
l.677 \addcontentsline
                      {toc}{subsection}{Problem 9}
Your command was ignored.
Type  I <command> <return>  to replace it with another command,
or  <return>  to continue without it.


Overfull \hbox (108.73668pt too wide) in paragraph at lines 685--696
 [][] 
 []

[16]
Underfull \hbox (badness 10000) in paragraph at lines 719--720

 []


Underfull \hbox (badness 10000) in paragraph at lines 721--722

 []


Underfull \hbox (badness 10000) in paragraph at lines 723--724

 []


Underfull \hbox (badness 10000) in paragraph at lines 725--731

 []


Underfull \hbox (badness 10000) in paragraph at lines 735--736

 []


Underfull \hbox (badness 10000) in paragraph at lines 737--738

 []


Underfull \hbox (badness 10000) in paragraph at lines 739--740

 []


Underfull \hbox (badness 10000) in paragraph at lines 742--743

 []


Underfull \hbox (badness 10000) in paragraph at lines 744--747

 []


Underfull \hbox (badness 10000) in paragraph at lines 748--752

 []


Underfull \hbox (badness 10000) in paragraph at lines 755--756

 []

! Missing $ inserted.
<inserted text> 
                $
l.760 
      
I've inserted a begin-math/end-math symbol since I think
you left one out. Proceed, with fingers crossed.


Underfull \hbox (badness 10000) in paragraph at lines 765--767

 []

[17]
Underfull \hbox (badness 10000) in paragraph at lines 768--769

 []


Underfull \hbox (badness 10000) in paragraph at lines 770--780

 []


Underfull \hbox (badness 10000) in paragraph at lines 781--782

 []


Underfull \hbox (badness 10000) in paragraph at lines 783--784

 []

! Missing $ inserted.
<inserted text> 
                $
l.785 \noindent \pm
                    SE:$ (\pm 0.2190 \pm 0.3111 \pm 0.00338 \pm 0.00482 $ \\
I've inserted a begin-math/end-math symbol since I think
you left one out. Proceed, with fingers crossed.

! Missing $ inserted.
<inserted text> 
                $
l.785 \noindent \pm SE:$ (\pm
                              0.2190 \pm 0.3111 \pm 0.00338 \pm 0.00482 $ \\
I've inserted a begin-math/end-math symbol since I think
you left one out. Proceed, with fingers crossed.


Underfull \hbox (badness 10000) in paragraph at lines 785--786

 []

[18]
Underfull \hbox (badness 10000) in paragraph at lines 809--810

 []


Underfull \hbox (badness 10000) in paragraph at lines 811--812

 []


Underfull \hbox (badness 10000) in paragraph at lines 813--816

 []


Underfull \hbox (badness 10000) in paragraph at lines 817--820

 []


Underfull \hbox (badness 10000) in paragraph at lines 821--822

 []


Overfull \hbox (28.4599pt too wide) in paragraph at lines 826--827
[][] 
 []


Underfull \hbox (badness 10000) in paragraph at lines 826--827

 []


Underfull \hbox (badness 10000) in paragraph at lines 840--841

 []


Underfull \hbox (badness 10000) in paragraph at lines 842--843

 []


Underfull \hbox (badness 10000) in paragraph at lines 844--847

 []


Underfull \hbox (badness 10000) in paragraph at lines 854--855

 []


Overfull \hbox (28.4599pt too wide) in paragraph at lines 859--860
[][] 
 []


Underfull \hbox (badness 10000) in paragraph at lines 859--860

 []


Underfull \hbox (badness 10000) in paragraph at lines 871--872

 []

[19]
Underfull \hbox (badness 10000) in paragraph at lines 873--877

 []


Overfull \hbox (28.4599pt too wide) in paragraph at lines 900--901
[][] 
 []


Underfull \hbox (badness 10000) in paragraph at lines 900--901

 []


Underfull \hbox (badness 10000) in paragraph at lines 902--903

 []


Underfull \hbox (badness 10000) in paragraph at lines 904--907

 []


Underfull \hbox (badness 10000) in paragraph at lines 908--911

 []


Underfull \hbox (badness 10000) in paragraph at lines 912--914

 []

[20]
Overfull \hbox (28.4599pt too wide) in paragraph at lines 952--953
[][] 
 []


Underfull \hbox (badness 10000) in paragraph at lines 952--953

 []

[21]
Underfull \hbox (badness 10000) in paragraph at lines 960--961

 []

<exam2-030.pdf, id=103, 433.62pt x 325.215pt>
File: exam2-030.pdf Graphic file (type pdf)
 <use exam2-030.pdf>
Package pdftex.def Info: exam2-030.pdf used on input line 964.
(pdftex.def)             Requested size: 276.00105pt x 207.01042pt.

Underfull \hbox (badness 10000) in paragraph at lines 987--989

 []

[22 <E:/workingdirectory/phc6053/exam2/exam2-030.pdf>]
Underfull \hbox (badness 10000) in paragraph at lines 990--993

 []

<exam2-033.pdf, id=113, 433.62pt x 325.215pt>
File: exam2-033.pdf Graphic file (type pdf)
 <use exam2-033.pdf>
Package pdftex.def Info: exam2-033.pdf used on input line 995.
(pdftex.def)             Requested size: 276.00105pt x 207.01042pt.
 [23 <E:/workingdirectory/phc6053/exam2/exam2-033.pdf>]
Underfull \hbox (badness 10000) in paragraph at lines 1010--1012

 []


Underfull \hbox (badness 10000) in paragraph at lines 1013--1014

 []


Underfull \hbox (badness 10000) in paragraph at lines 1016--1017

 []


Underfull \hbox (badness 10000) in paragraph at lines 1018--1019

 []


Underfull \hbox (badness 10000) in paragraph at lines 1020--1021

 []


Underfull \hbox (badness 10000) in paragraph at lines 1022--1023

 []


Underfull \hbox (badness 10000) in paragraph at lines 1024--1025

 []


Underfull \hbox (badness 10000) in paragraph at lines 1026--1027

 []


Underfull \hbox (badness 10000) in paragraph at lines 1028--1029

 []

[24]
Underfull \hbox (badness 10000) in paragraph at lines 1030--1031

 []


Underfull \hbox (badness 10000) in paragraph at lines 1032--1033

 []


Underfull \hbox (badness 10000) in paragraph at lines 1034--1035

 []


Underfull \hbox (badness 10000) in paragraph at lines 1036--1037

 []


Underfull \hbox (badness 10000) in paragraph at lines 1038--1039

 []


Underfull \hbox (badness 10000) in paragraph at lines 1040--1041

 []

[25] (E:\workingdirectory\phc6053\exam2\exam2.aux) ) 
Here is how much of TeX's memory you used:
 3649 strings out of 493921
 51144 string characters out of 3144471
 105341 words of memory out of 3000000
 6866 multiletter control sequences out of 15000+200000
 33683 words of font info for 67 fonts, out of 3000000 for 9000
 841 hyphenation exceptions out of 8191
 35i,11n,43p,511b,377s stack positions out of 5000i,500n,10000p,200000b,50000s
<C:/Users/BrewJR/Documents/
R/MiKTeX/fonts/type1/public/amsfonts/cm/cmbx10.pfb><C:/Users/BrewJR/Documents/R
/MiKTeX/fonts/type1/public/amsfonts/cm/cmbx12.pfb><C:/Users/BrewJR/Documents/R/
MiKTeX/fonts/type1/public/amsfonts/cm/cmmi10.pfb><C:/Users/BrewJR/Documents/R/M
iKTeX/fonts/type1/public/amsfonts/cm/cmmi7.pfb><C:/Users/BrewJR/Documents/R/MiK
TeX/fonts/type1/public/amsfonts/cm/cmr10.pfb><C:/Users/BrewJR/Documents/R/MiKTe
X/fonts/type1/public/amsfonts/cm/cmr17.pfb><C:/Users/BrewJR/Documents/R/MiKTeX/
fonts/type1/public/amsfonts/cm/cmr7.pfb><C:/Users/BrewJR/Documents/R/MiKTeX/fon
ts/type1/public/amsfonts/cm/cmr9.pfb><C:/Users/BrewJR/Documents/R/MiKTeX/fonts/
type1/public/amsfonts/cm/cmsltt10.pfb><C:/Users/BrewJR/Documents/R/MiKTeX/fonts
/type1/public/amsfonts/cm/cmsy10.pfb><C:/Users/BrewJR/Documents/R/MiKTeX/fonts/
type1/public/amsfonts/cm/cmsy7.pfb><C:/Users/BrewJR/Documents/R/MiKTeX/fonts/ty
pe1/public/amsfonts/cm/cmti10.pfb><C:/Users/BrewJR/Documents/R/MiKTeX/fonts/typ
e1/public/amsfonts/cm/cmtt10.pfb>
Output written on exam2.pdf (25 pages, 262346 bytes).
PDF statistics:
 171 PDF objects out of 1000 (max. 8388607)
 0 named destinations out of 1000 (max. 500000)
 25 words of extra memory for PDF output out of 10000 (max. 10000000)

