1                                                          The SAS System                            22:36 Tuesday, January 14, 2014

NOTE: Unable to open SASUSER.REGSTRY. WORK.REGSTRY will be opened instead.
NOTE: All registry changes will be lost at the end of the session.

WARNING: Unable to copy SASUSER registry to WORK registry. Because of this, you will not see registry customizations during this 
         session.
NOTE: Unable to open SASUSER.PROFILE. WORK.PROFILE will be opened instead.
NOTE: All profile changes will be lost at the end of the session.
NOTE: Copyright (c) 2002-2010 by SAS Institute Inc., Cary, NC, USA. 
NOTE: SAS (r) Proprietary Software 9.3 (TS1M2) 
      Licensed to UNIVERSITY OF FLORIDA - SFA T&R, Site 70006743.
NOTE: This session is executing on the W32_7PRO  platform.



NOTE: Enhanced analytical products:

SAS/STAT 12.1, SAS/ETS 12.1, SAS/OR 12.2, SAS/IML 12.1, SAS/QC 12.1

NOTE: SAS initialization used:
      real time           0.73 seconds
      cpu time            0.21 seconds
      
1          option validvarname = v6;libname src2rd 'E:/workingdirectory/phc6053';
NOTE: Libref SRC2RD was successfully assigned as follows: 
      Engine:        V9 
      Physical Name: E:\workingdirectory\phc6053
2          libname rd xport 'C:\Users\BrewJR\AppData\Local\Temp\RtmpGer9qq\file11f45b306a74';
NOTE: Libref RD was successfully assigned as follows: 
      Engine:        XPORT 
      Physical Name: C:\Users\BrewJR\AppData\Local\Temp\RtmpGer9qq\file11f45b306a74
3          proc copy in=src2rd out=rd;
4          select fghm81 ;
NOTE: Copying SRC2RD.FGHM81 to RD.FGHM81 (memtype=DATA).
NOTE: There were 500 observations read from the data set SRC2RD.FGHM81.
NOTE: The data set RD.FGHM81 has 500 observations and 21 variables.
NOTE: PROCEDURE COPY used (Total process time):
      real time           0.15 seconds
      cpu time            0.06 seconds
      

NOTE: SAS Institute Inc., SAS Campus Drive, Cary, NC USA 27513-2414
NOTE: The SAS System used:
      real time           0.96 seconds
      cpu time            0.34 seconds
      
